#
# A fatal error has been detected by the Java Runtime Environment:
#
#  EXCEPTION_ACCESS_VIOLATION (0xc0000005) at pc=0x0000000180003ae0, pid=9884, tid=0x0000000000000528
#
# JRE version: Java(TM) SE Runtime Environment (8.0_121-b13) (build 1.8.0_121-b13)
# Java VM: Java HotSpot(TM) 64-Bit Server VM (25.121-b13 mixed mode windows-amd64 compressed oops)
# Problematic frame:
# C  0x0000000180003ae0
#
# Failed to write core dump. Minidumps are not enabled by default on client versions of Windows
#
# If you would like to submit a bug report, please visit:
#   http://bugreport.java.com/bugreport/crash.jsp
# The crash happened outside the Java Virtual Machine in native code.
# See problematic frame for where to report the bug.
#

---------------  T H R E A D  ---------------

Current thread (0x000000001c328000):  JavaThread "HIDCommandExecutionQueue.executor pool-5-thread-1" daemon [_thread_in_native, id=1320, stack(0x000000001dbf0000,0x000000001dcf0000)]

siginfo: ExceptionCode=0xc0000005, ExceptionInformation=0x0000000000000008 0x0000000180003ae0

Registers:
RAX=0x0000000180003ae0, RBX=0x000000001947e760, RCX=0x000000001c3281f8, RDX=0x000000001dceef90
RSP=0x000000001dceef08, RBP=0x000000001dceef80, RSI=0x0000000060200021, RDI=0x0000000000000077
R8 =0x0000000000000004, R9 =0x0000000000000000, R10=0x0000000004a80fe0, R11=0x000000006787b820
R12=0x0000000000000000, R13=0x000000001947e760, R14=0x000000001dceefa8, R15=0x000000001c328000
RIP=0x0000000180003ae0, EFLAGS=0x0000000000010206

Top of Stack: (sp=0x000000001dceef08)
0x000000001dceef08:   0000000004a8100c 0000000019480c90
0x000000001dceef18:   00000000d63c53d8 00000000d63c53d8
0x000000001dceef28:   00000000d63c53d8 000000001dceeff8
0x000000001dceef38:   0000000004d549b2 000000001dceef40
0x000000001dceef48:   0000000000000000 000000001dceefa8
0x000000001dceef58:   000000001d928f58 0000000000000000
0x000000001dceef68:   000000001947e760 0000000000000000
0x000000001dceef78:   000000001dceefa0 000000001dceeff8
0x000000001dceef88:   0000000004a67f10 00000000d6126f00
0x000000001dceef98:   0000000004a771b7 0000000000000004
0x000000001dceefa8:   0000000000000004 00000000d63c53d8
0x000000001dceefb8:   000000001dceefb8 000000001947c273
0x000000001dceefc8:   000000001dcef018 000000001d928f58
0x000000001dceefd8:   0000000000000000 000000001947c2d0
0x000000001dceefe8:   000000001dceefa0 000000001dcef008
0x000000001dceeff8:   000000001dcef070 0000000004a683fd 

Instructions: (pc=0x0000000180003ae0)
0x0000000180003ac0:   
[error occurred during error reporting (printing registers, top of stack, instructions near pc), id 0xc0000005]

Register to memory mapping:

RAX=0x0000000180003ae0 is an unknown value
RBX={method} {0x000000001947e768} 'malloc' '(J)J' in 'com/sun/jna/Memory'
RCX=0x000000001c3281f8 is an unknown value
RDX=0x000000001dceef90 is pointing into the stack for thread: 0x000000001c328000
RSP=0x000000001dceef08 is pointing into the stack for thread: 0x000000001c328000
RBP=0x000000001dceef80 is pointing into the stack for thread: 0x000000001c328000
RSI=0x0000000060200021 is an unknown value
RDI=0x0000000000000077 is an unknown value
R8 =0x0000000000000004 is an unknown value
R9 =0x0000000000000000 is an unknown value
R10=0x0000000004a80fe0 is at code_begin+1632 in an Interpreter codelet
method entry point (kind = native)  [0x0000000004a80980, 0x0000000004a819a0]  4128 bytes
R11=0x000000006787b820 is an unknown value
R12=0x0000000000000000 is an unknown value
R13={method} {0x000000001947e768} 'malloc' '(J)J' in 'com/sun/jna/Memory'
R14=0x000000001dceefa8 is pointing into the stack for thread: 0x000000001c328000
R15=0x000000001c328000 is a thread


Stack: [0x000000001dbf0000,0x000000001dcf0000],  sp=0x000000001dceef08,  free space=1019k
Native frames: (J=compiled Java code, j=interpreted, Vv=VM code, C=native code)
C  0x0000000180003ae0

Java frames: (J=compiled Java code, j=interpreted, Vv=VM code)
j  com.sun.jna.Memory.malloc(J)J+0
j  com.sun.jna.Memory.<init>(J)V+27
j  com.sun.jna.ptr.ByReference.<init>(I)V+11
j  com.sun.jna.ptr.IntByReference.<init>(I)V+2
j  com.sun.jna.ptr.IntByReference.<init>()V+2
j  edu.cmu.ri.createlab.usb.hid.windows.WindowsHIDDevice.write([B)Ledu/cmu/ri/createlab/usb/hid/HIDWriteStatus;+181
j  edu.cmu.ri.createlab.usb.hid.CreateLabHIDCommandStrategy.execute(Ledu/cmu/ri/createlab/usb/hid/HIDDevice;)Ledu/cmu/ri/createlab/usb/hid/HIDCommandResponse;+15
j  edu.cmu.ri.createlab.usb.hid.CreateLabHIDCommandStrategy.execute(Ljava/lang/Object;)Ledu/cmu/ri/createlab/util/commandexecution/CommandResponse;+5
j  edu.cmu.ri.createlab.usb.hid.HIDCommand.call()Ledu/cmu/ri/createlab/usb/hid/HIDCommandResponse;+8
j  edu.cmu.ri.createlab.usb.hid.HIDCommand.call()Ljava/lang/Object;+1
j  java.util.concurrent.FutureTask.run()V+42
j  java.util.concurrent.ThreadPoolExecutor.runWorker(Ljava/util/concurrent/ThreadPoolExecutor$Worker;)V+95
j  java.util.concurrent.ThreadPoolExecutor$Worker.run()V+5
j  java.lang.Thread.run()V+11
v  ~StubRoutines::call_stub

---------------  P R O C E S S  ---------------

Java Threads: ( => current thread )
  0x000000001c29c800 JavaThread "AWT-Shutdown" [_thread_blocked, id=9520, stack(0x000000001def0000,0x000000001dff0000)]
  0x000000001c297000 JavaThread "Thread-0" daemon [_thread_in_native, id=4548, stack(0x000000001dcf0000,0x000000001ddf0000)]
  0x0000000004a5e000 JavaThread "DestroyJavaVM" [_thread_blocked, id=10260, stack(0x0000000004720000,0x0000000004820000)]
=>0x000000001c328000 JavaThread "HIDCommandExecutionQueue.executor pool-5-thread-1" daemon [_thread_in_native, id=1320, stack(0x000000001dbf0000,0x000000001dcf0000)]
  0x000000001c321800 JavaThread "FinchController.peerPingScheduler pool-6-thread-1" daemon [_thread_blocked, id=372, stack(0x000000001da50000,0x000000001db50000)]
  0x000000001c1e4000 JavaThread "BaseCreateLabDeviceConnectivityManager.executorService pool-1-thread-1" daemon [_thread_blocked, id=740, stack(0x000000001d750000,0x000000001d850000)]
  0x000000001c1db800 JavaThread "DatasetPlotter.executorService pool-4-thread-1" daemon [_thread_blocked, id=6780, stack(0x000000001d650000,0x000000001d750000)]
  0x000000001c1d9000 JavaThread "DatasetPlotter.executorService pool-3-thread-1" daemon [_thread_blocked, id=9732, stack(0x000000001d550000,0x000000001d650000)]
  0x000000001c1d8000 JavaThread "DatasetPlotter.executorService pool-2-thread-1" daemon [_thread_blocked, id=1496, stack(0x000000001cc50000,0x000000001cd50000)]
  0x000000001c1c7800 JavaThread "Java2D Disposer" daemon [_thread_blocked, id=3804, stack(0x000000001c890000,0x000000001c990000)]
  0x000000001b6f5800 JavaThread "Service Thread" daemon [_thread_blocked, id=5928, stack(0x000000001bab0000,0x000000001bbb0000)]
  0x0000000019661000 JavaThread "C1 CompilerThread2" daemon [_thread_blocked, id=1768, stack(0x000000001b5b0000,0x000000001b6b0000)]
  0x0000000019658800 JavaThread "C2 CompilerThread1" daemon [_thread_blocked, id=7820, stack(0x000000001b4b0000,0x000000001b5b0000)]
  0x0000000019652800 JavaThread "C2 CompilerThread0" daemon [_thread_blocked, id=3088, stack(0x000000001b3b0000,0x000000001b4b0000)]
  0x0000000019646800 JavaThread "JDWP Command Reader" daemon [_thread_in_native, id=3416, stack(0x000000001b2b0000,0x000000001b3b0000)]
  0x0000000019645000 JavaThread "JDWP Event Helper Thread" daemon [_thread_blocked, id=10644, stack(0x000000001b1b0000,0x000000001b2b0000)]
  0x0000000019635800 JavaThread "JDWP Transport Listener: dt_socket" daemon [_thread_blocked, id=1824, stack(0x000000001b0b0000,0x000000001b1b0000)]
  0x000000001962d800 JavaThread "Attach Listener" daemon [_thread_blocked, id=13032, stack(0x000000001ab70000,0x000000001ac70000)]
  0x000000001962a000 JavaThread "Signal Dispatcher" daemon [_thread_blocked, id=5584, stack(0x000000001aa70000,0x000000001ab70000)]
  0x000000001961a800 JavaThread "Finalizer" daemon [_thread_blocked, id=5264, stack(0x000000001a880000,0x000000001a980000)]
  0x000000000499f800 JavaThread "Reference Handler" daemon [_thread_blocked, id=11456, stack(0x000000001a780000,0x000000001a880000)]

Other Threads:
  0x00000000195f8000 VMThread [stack: 0x000000001a680000,0x000000001a780000] [id=7164]
  0x000000001b6fb000 WatcherThread [stack: 0x000000001bbb0000,0x000000001bcb0000] [id=7208]

VM state:not at safepoint (normal execution)

VM Mutex/Monitor currently owned by a thread: None

Heap:
 PSYoungGen      total 38400K, used 17989K [0x00000000d5800000, 0x00000000d8280000, 0x0000000100000000)
  eden space 33280K, 54% used [0x00000000d5800000,0x00000000d6991590,0x00000000d7880000)
  from space 5120K, 0% used [0x00000000d7d80000,0x00000000d7d80000,0x00000000d8280000)
  to   space 5120K, 0% used [0x00000000d7880000,0x00000000d7880000,0x00000000d7d80000)
 ParOldGen       total 87552K, used 0K [0x0000000080800000, 0x0000000085d80000, 0x00000000d5800000)
  object space 87552K, 0% used [0x0000000080800000,0x0000000080800000,0x0000000085d80000)
 Metaspace       used 10735K, capacity 10952K, committed 11136K, reserved 1058816K
  class space    used 1286K, capacity 1353K, committed 1408K, reserved 1048576K

Card table byte_map: [0x0000000013e20000,0x0000000014220000] byte_map_base: 0x0000000013a1c000

Marking Bits: (ParMarkBitMap*) 0x0000000067e6b6d0
 Begin Bits: [0x00000000148d0000, 0x00000000168b0000)
 End Bits:   [0x00000000168b0000, 0x0000000018890000)

Polling page: 0x0000000002b70000

CodeCache: size=245760Kb used=3020Kb max_used=3027Kb free=242739Kb
 bounds [0x0000000004a60000, 0x0000000004d60000, 0x0000000013a60000]
 total_blobs=1124 nmethods=733 adapters=312
 compilation: enabled

Compilation events (10 events):
Event: 5.000 Thread 0x0000000019661000  729       3       com.sun.jna.Pointer::<init> (5 bytes)
Event: 5.001 Thread 0x0000000019661000 nmethod 729 0x0000000004d54790 code [0x0000000004d54900, 0x0000000004d54ab0]
Event: 5.108 Thread 0x0000000019661000  730       1       java.util.concurrent.ThreadPoolExecutor::afterExecute (1 bytes)
Event: 5.108 Thread 0x0000000019661000 nmethod 730 0x0000000004d544d0 code [0x0000000004d54620, 0x0000000004d54730]
Event: 5.110 Thread 0x0000000019661000  731       1       java.util.concurrent.ThreadPoolExecutor::beforeExecute (1 bytes)
Event: 5.110 Thread 0x0000000019661000 nmethod 731 0x0000000004d54210 code [0x0000000004d54360, 0x0000000004d54470]
Event: 5.320 Thread 0x0000000019652800  732       4       java.util.concurrent.locks.AbstractQueuedSynchronizer::release (33 bytes)
Event: 5.322 Thread 0x0000000019652800 nmethod 732 0x0000000004d528d0 code [0x0000000004d52a20, 0x0000000004d52b88]
Event: 7.177 Thread 0x0000000019661000  733  s    3       java.util.Vector::elementAt (48 bytes)
Event: 7.178 Thread 0x0000000019661000 nmethod 733 0x0000000004d52e50 code [0x0000000004d53060, 0x0000000004d53c28]

GC Heap History (0 events):
No events

Deoptimization events (1 events):
Event: 0.871 Thread 0x0000000004a5e000 Uncommon trap: reason=unstable_if action=reinterpret pc=0x0000000004bb570c method=java.lang.String.startsWith(Ljava/lang/String;I)Z @ 25

Internal exceptions (10 events):
Event: 0.634 Thread 0x0000000004a5e000 Exception <a 'java/lang/ClassNotFoundException': org/apache/log4j/WriterAppenderCustomizer> (0x00000000d5b765b0) thrown at [C:\re\workspace\8-2-build-windows-amd64-cygwin\jdk8u121\8372\hotspot\src\share\vm\classfile\systemDictionary.cpp, line 210]
Event: 0.637 Thread 0x0000000004a5e000 Exception <a 'java/lang/ClassNotFoundException': org/apache/log4j/FileAppenderCustomizer> (0x00000000d5b86070) thrown at [C:\re\workspace\8-2-build-windows-amd64-cygwin\jdk8u121\8372\hotspot\src\share\vm\classfile\systemDictionary.cpp, line 210]
Event: 0.649 Thread 0x0000000004a5e000 Exception <a 'java/lang/ClassNotFoundException': org/apache/log4j/PatternLayoutBeanInfo> (0x00000000d5bd2728) thrown at [C:\re\workspace\8-2-build-windows-amd64-cygwin\jdk8u121\8372\hotspot\src\share\vm\classfile\systemDictionary.cpp, line 210]
Event: 0.650 Thread 0x0000000004a5e000 Exception <a 'java/lang/ClassNotFoundException': org/apache/log4j/LayoutBeanInfo> (0x00000000d5bd56a8) thrown at [C:\re\workspace\8-2-build-windows-amd64-cygwin\jdk8u121\8372\hotspot\src\share\vm\classfile\systemDictionary.cpp, line 210]
Event: 0.650 Thread 0x0000000004a5e000 Exception <a 'java/lang/ClassNotFoundException': org/apache/log4j/LayoutCustomizer> (0x00000000d5bd8488) thrown at [C:\re\workspace\8-2-build-windows-amd64-cygwin\jdk8u121\8372\hotspot\src\share\vm\classfile\systemDictionary.cpp, line 210]
Event: 0.651 Thread 0x0000000004a5e000 Exception <a 'java/lang/ClassNotFoundException': org/apache/log4j/PatternLayoutCustomizer> (0x00000000d5bdfac8) thrown at [C:\re\workspace\8-2-build-windows-amd64-cygwin\jdk8u121\8372\hotspot\src\share\vm\classfile\systemDictionary.cpp, line 210]
Event: 0.717 Thread 0x0000000004a5e000 Exception <a 'java/io/FileNotFoundException'> (0x00000000d5ca6858) thrown at [C:\re\workspace\8-2-build-windows-amd64-cygwin\jdk8u121\8372\hotspot\src\share\vm\prims\jni.cpp, line 709]
Event: 0.767 Thread 0x0000000004a5e000 Exception <a 'java/lang/NoSuchFieldError': method resolution failed> (0x00000000d5d73c60) thrown at [C:\re\workspace\8-2-build-windows-amd64-cygwin\jdk8u121\8372\hotspot\src\share\vm\prims\methodHandles.cpp, line 1146]
Event: 0.771 Thread 0x0000000004a5e000 Exception <a 'java/lang/NoSuchFieldError': method resolution failed> (0x00000000d5d80f80) thrown at [C:\re\workspace\8-2-build-windows-amd64-cygwin\jdk8u121\8372\hotspot\src\share\vm\prims\methodHandles.cpp, line 1146]
Event: 0.866 Thread 0x0000000004a5e000 Exception <a 'java/io/FileNotFoundException'> (0x00000000d5e64770) thrown at [C:\re\workspace\8-2-build-windows-amd64-cygwin\jdk8u121\8372\hotspot\src\share\vm\prims\jni.cpp, line 709]

Events (10 events):
Event: 7.175 loading class java/util/IdentityHashMap$KeySet done
Event: 7.175 loading class java/util/IdentityHashMap$KeyIterator
Event: 7.176 loading class java/util/IdentityHashMap$KeyIterator done
Event: 7.176 Thread 0x000000001c297000 Thread added: 0x000000001c297000
Event: 7.176 Thread 0x000000001c298000 Thread added: 0x000000001c298000
Event: 7.176 Thread 0x000000001c29c800 Thread added: 0x000000001c29c800
Event: 7.177 loading class java/util/Vector$Itr
Event: 7.177 loading class java/util/Vector$Itr done
Event: 7.178 Thread 0x000000001c1c9000 Thread exited: 0x000000001c1c9000
Event: 7.178 Thread 0x000000001c298000 Thread exited: 0x000000001c298000


Dynamic libraries:
0x00007ff782510000 - 0x00007ff782547000 	C:\Program Files\Java\jre1.8.0_121\bin\javaw.exe
0x00007ffb0b500000 - 0x00007ffb0b6e0000 	C:\WINDOWS\SYSTEM32\ntdll.dll
0x00007ffb089d0000 - 0x00007ffb08a7e000 	C:\WINDOWS\System32\KERNEL32.DLL
0x00007ffb07900000 - 0x00007ffb07b66000 	C:\WINDOWS\System32\KERNELBASE.dll
0x00007ffb0afd0000 - 0x00007ffb0b071000 	C:\WINDOWS\System32\ADVAPI32.dll
0x00007ffb0a660000 - 0x00007ffb0a6fd000 	C:\WINDOWS\System32\msvcrt.dll
0x00007ffb0a600000 - 0x00007ffb0a65b000 	C:\WINDOWS\System32\sechost.dll
0x00007ffb0a1c0000 - 0x00007ffb0a2df000 	C:\WINDOWS\System32\RPCRT4.dll
0x00007ffb0ae40000 - 0x00007ffb0afcf000 	C:\WINDOWS\System32\USER32.dll
0x00007ffb089b0000 - 0x00007ffb089d0000 	C:\WINDOWS\System32\win32u.dll
0x00007ffb0a0b0000 - 0x00007ffb0a0d8000 	C:\WINDOWS\System32\GDI32.dll
0x00007ffb07ea0000 - 0x00007ffb08033000 	C:\WINDOWS\System32\gdi32full.dll
0x00007ffb080c0000 - 0x00007ffb0815b000 	C:\WINDOWS\System32\msvcp_win.dll
0x00007ffb088b0000 - 0x00007ffb089a6000 	C:\WINDOWS\System32\ucrtbase.dll
0x00007ffafaec0000 - 0x00007ffafb129000 	C:\WINDOWS\WinSxS\amd64_microsoft.windows.common-controls_6595b64144ccf1df_6.0.16299.125_none_15cbcf8893620c09\COMCTL32.dll
0x00007ffb0a8f0000 - 0x00007ffb0abf8000 	C:\WINDOWS\System32\combase.dll
0x00007ffb08040000 - 0x00007ffb080b2000 	C:\WINDOWS\System32\bcryptPrimitives.dll
0x00007ffb0a8c0000 - 0x00007ffb0a8ed000 	C:\WINDOWS\System32\IMM32.DLL
0x00000000673a0000 - 0x0000000067472000 	C:\Program Files\Java\jre1.8.0_121\bin\msvcr100.dll
0x0000000067650000 - 0x0000000067eeb000 	C:\Program Files\Java\jre1.8.0_121\bin\server\jvm.dll
0x00007ffb0a8b0000 - 0x00007ffb0a8b8000 	C:\WINDOWS\System32\PSAPI.DLL
0x00007ffafb2a0000 - 0x00007ffafb2a9000 	C:\WINDOWS\SYSTEM32\WSOCK32.dll
0x00007ffb0ac00000 - 0x00007ffb0ac6c000 	C:\WINDOWS\System32\WS2_32.dll
0x00007ffb05bb0000 - 0x00007ffb05bd3000 	C:\WINDOWS\SYSTEM32\WINMM.dll
0x00007ffb02600000 - 0x00007ffb0260a000 	C:\WINDOWS\SYSTEM32\VERSION.dll
0x00007ffb057f0000 - 0x00007ffb0581a000 	C:\WINDOWS\SYSTEM32\WINMMBASE.dll
0x00007ffb07b70000 - 0x00007ffb07bba000 	C:\WINDOWS\System32\cfgmgr32.dll
0x0000000067560000 - 0x000000006756f000 	C:\Program Files\Java\jre1.8.0_121\bin\verify.dll
0x0000000067530000 - 0x0000000067559000 	C:\Program Files\Java\jre1.8.0_121\bin\java.dll
0x0000000067360000 - 0x0000000067395000 	C:\Program Files\Java\jre1.8.0_121\bin\jdwp.dll
0x0000000067350000 - 0x0000000067358000 	C:\Program Files\Java\jre1.8.0_121\bin\npt.dll
0x0000000067510000 - 0x0000000067526000 	C:\Program Files\Java\jre1.8.0_121\bin\zip.dll
0x00007ffb08c70000 - 0x00007ffb0a0a6000 	C:\WINDOWS\System32\SHELL32.dll
0x00007ffb0a550000 - 0x00007ffb0a5f6000 	C:\WINDOWS\System32\shcore.dll
0x00007ffb08160000 - 0x00007ffb088a7000 	C:\WINDOWS\System32\windows.storage.dll
0x00007ffb0ade0000 - 0x00007ffb0ae31000 	C:\WINDOWS\System32\shlwapi.dll
0x00007ffb07850000 - 0x00007ffb07861000 	C:\WINDOWS\System32\kernel.appcore.dll
0x00007ffb078b0000 - 0x00007ffb078fc000 	C:\WINDOWS\System32\powrprof.dll
0x00007ffb07890000 - 0x00007ffb078ab000 	C:\WINDOWS\System32\profapi.dll
0x0000000067340000 - 0x0000000067349000 	C:\Program Files\Java\jre1.8.0_121\bin\dt_socket.dll
0x00007ffafb2c0000 - 0x00007ffafb2d6000 	C:\WINDOWS\system32\napinsp.dll
0x00007ffaf6d40000 - 0x00007ffaf6d5a000 	C:\WINDOWS\system32\pnrpnsp.dll
0x00007ffb04b80000 - 0x00007ffb04b98000 	C:\WINDOWS\system32\NLAapi.dll
0x00007ffb070e0000 - 0x00007ffb07146000 	C:\WINDOWS\System32\mswsock.dll
0x00007ffb06eb0000 - 0x00007ffb06f66000 	C:\WINDOWS\SYSTEM32\DNSAPI.dll
0x00007ffb0a1b0000 - 0x00007ffb0a1b8000 	C:\WINDOWS\System32\NSI.dll
0x00007ffb06e70000 - 0x00007ffb06ea9000 	C:\WINDOWS\SYSTEM32\IPHLPAPI.DLL
0x00007ffafb670000 - 0x00007ffafb67e000 	C:\WINDOWS\System32\winrnr.dll
0x000000006c1f0000 - 0x000000006c225000 	C:\Program Files\Bonjour\mdnsNSP.dll
0x00007ffb02ff0000 - 0x00007ffb03060000 	C:\WINDOWS\System32\fwpuclnt.dll
0x00007ffb073b0000 - 0x00007ffb073d5000 	C:\WINDOWS\SYSTEM32\bcrypt.dll
0x00007ffb02630000 - 0x00007ffb0263a000 	C:\Windows\System32\rasadhlp.dll
0x00000000671a0000 - 0x0000000067338000 	C:\Program Files\Java\jre1.8.0_121\bin\awt.dll
0x00007ffb0a0e0000 - 0x00007ffb0a1a5000 	C:\WINDOWS\System32\OLEAUT32.dll
0x00007ffb05d10000 - 0x00007ffb05d98000 	C:\WINDOWS\SYSTEM32\apphelp.dll
0x00007ffb05df0000 - 0x00007ffb05e85000 	C:\WINDOWS\system32\uxtheme.dll
0x00007ffb0ac70000 - 0x00007ffb0add7000 	C:\WINDOWS\System32\MSCTF.dll
0x00007ffb06100000 - 0x00007ffb0612a000 	C:\WINDOWS\system32\dwmapi.dll
0x00007ffb08b20000 - 0x00007ffb08c69000 	C:\WINDOWS\System32\ole32.dll
0x00007ffb072a0000 - 0x00007ffb072b7000 	C:\WINDOWS\SYSTEM32\CRYPTSP.dll
0x00007ffb06cf0000 - 0x00007ffb06d23000 	C:\WINDOWS\system32\rsaenh.dll
0x00007ffb07750000 - 0x00007ffb07779000 	C:\WINDOWS\SYSTEM32\USERENV.dll
0x00007ffb072c0000 - 0x00007ffb072cb000 	C:\WINDOWS\SYSTEM32\CRYPTBASE.dll
0x00000000674f0000 - 0x000000006750a000 	C:\Program Files\Java\jre1.8.0_121\bin\net.dll
0x00007ffb031c0000 - 0x00007ffb031d6000 	C:\WINDOWS\SYSTEM32\dhcpcsvc6.DLL
0x00007ffb031a0000 - 0x00007ffb031ba000 	C:\WINDOWS\SYSTEM32\dhcpcsvc.DLL
0x00000000674d0000 - 0x00000000674e1000 	C:\Program Files\Java\jre1.8.0_121\bin\nio.dll
0x00007ffb06630000 - 0x00007ffb0663c000 	C:\WINDOWS\SYSTEM32\hid.dll
0x00007ffb0b080000 - 0x00007ffb0b4ce000 	C:\WINDOWS\System32\setupapi.dll
0x00007ffb07660000 - 0x00007ffb07687000 	C:\WINDOWS\System32\DEVOBJ.dll
0x00007ffb07e40000 - 0x00007ffb07e98000 	C:\WINDOWS\System32\WINTRUST.dll
0x00007ffb07870000 - 0x00007ffb07882000 	C:\WINDOWS\System32\MSASN1.dll
0x00007ffb07c70000 - 0x00007ffb07e3e000 	C:\WINDOWS\System32\CRYPT32.dll
0x00007ffafd970000 - 0x00007ffafdb38000 	C:\WINDOWS\SYSTEM32\dbghelp.dll

VM Arguments:
jvm_args: -agentlib:jdwp=transport=dt_socket,suspend=y,address=localhost:50096 -Dfile.encoding=Cp1252 
java_command: FinchTest
java_class_path (initial): E:\Eclipse Workspace\Task4_Finch\bin;E:\Brunel Work\CS 1701 Group project\Finch zig zag\FinchEclipse\lib\finch.jar
Launcher Type: SUN_STANDARD

Environment Variables:
PATH=C:/Program Files/Java/jre1.8.0_121/bin/server;C:/Program Files/Java/jre1.8.0_121/bin;C:/Program Files/Java/jre1.8.0_121/lib/amd64;C:\Program Files (x86)\NVIDIA Corporation\PhysX\Common;C:\ProgramData\Oracle\Java\javapath;C:\WINDOWS\system32;C:\WINDOWS;C:\WINDOWS\System32\Wbem;C:\WINDOWS\System32\WindowsPowerShell\v1.0\;C:\Users\Shamoun\AppData\Local\Microsoft\WindowsApps;;C:\WINDOWS\System32;
USERNAME=Shamoun
OS=Windows_NT
PROCESSOR_IDENTIFIER=Intel64 Family 6 Model 42 Stepping 7, GenuineIntel



---------------  S Y S T E M  ---------------

OS: Windows 10.0 , 64 bit Build 16299 (10.0.16299.15)

CPU:total 4 (4 cores per cpu, 1 threads per core) family 6 model 42 stepping 7, cmov, cx8, fxsr, mmx, sse, sse2, sse3, ssse3, sse4.1, sse4.2, popcnt, avx, aes, clmul, tsc, tscinvbit

Memory: 4k page, physical 8350692k(4391080k free), swap 15166436k(8835236k free)

vm_info: Java HotSpot(TM) 64-Bit Server VM (25.121-b13) for windows-amd64 JRE (1.8.0_121-b13), built on Dec 12 2016 18:21:36 by "java_re" with MS VC++ 10.0 (VS2010)

time: Sun Mar 04 12:14:06 2018
elapsed time: 7 seconds (0d 0h 0m 7s)

