#
# A fatal error has been detected by the Java Runtime Environment:
#
#  EXCEPTION_ACCESS_VIOLATION (0xc0000005) at pc=0x0000000180003ae0, pid=5624, tid=0x0000000000002914
#
# JRE version: Java(TM) SE Runtime Environment (8.0_121-b13) (build 1.8.0_121-b13)
# Java VM: Java HotSpot(TM) 64-Bit Server VM (25.121-b13 mixed mode windows-amd64 compressed oops)
# Problematic frame:
# C  0x0000000180003ae0
#
# Failed to write core dump. Minidumps are not enabled by default on client versions of Windows
#
# If you would like to submit a bug report, please visit:
#   http://bugreport.java.com/bugreport/crash.jsp
# The crash happened outside the Java Virtual Machine in native code.
# See problematic frame for where to report the bug.
#

---------------  T H R E A D  ---------------

Current thread (0x00000000201d4000):  JavaThread "HIDCommandExecutionQueue.executor pool-5-thread-1" daemon [_thread_in_native, id=10516, stack(0x0000000021970000,0x0000000021a70000)]

siginfo: ExceptionCode=0xc0000005, ExceptionInformation=0x0000000000000008 0x0000000180003ae0

Registers:
RAX=0x0000000180003ae0, RBX=0x000000001f4bff60, RCX=0x00000000201d41f8, RDX=0x0000000021a6ecb0
RSP=0x0000000021a6ec28, RBP=0x0000000021a6eca0, RSI=0x0000000060200021, RDI=0x000000000000017f
R8 =0x0000000000000004, R9 =0x0000000000000000, R10=0x0000000004500fe0, R11=0x000000006787b820
R12=0x0000000000000000, R13=0x000000001f4bff60, R14=0x0000000021a6ecc8, R15=0x00000000201d4000
RIP=0x0000000180003ae0, EFLAGS=0x0000000000010206

Top of Stack: (sp=0x0000000021a6ec28)
0x0000000021a6ec28:   000000000450100c 000000001f4c2490
0x0000000021a6ec38:   00000000d6b97a58 00000000d6b97a58
0x0000000021a6ec48:   00000000d6b97a58 0000000021a6ed18
0x0000000021a6ec58:   000000000490f072 0000000021a6ec60
0x0000000021a6ec68:   0000000000000000 0000000021a6ecc8
0x0000000021a6ec78:   000000001f6c8f58 0000000000000000
0x0000000021a6ec88:   000000001f4bff60 0000000000000000
0x0000000021a6ec98:   0000000021a6ecc0 0000000021a6ed18
0x0000000021a6eca8:   00000000044e7f10 00000000d67b7c78
0x0000000021a6ecb8:   00000000044f71b7 0000000000000004
0x0000000021a6ecc8:   0000000000000004 00000000d6b97a58
0x0000000021a6ecd8:   0000000021a6ecd8 000000001f4bda73
0x0000000021a6ece8:   0000000021a6ed38 000000001f6c8f58
0x0000000021a6ecf8:   0000000000000000 000000001f4bdad0
0x0000000021a6ed08:   0000000021a6ecc0 0000000021a6ed28
0x0000000021a6ed18:   0000000021a6ed90 00000000044e83fd 

Instructions: (pc=0x0000000180003ae0)
0x0000000180003ac0:   
[error occurred during error reporting (printing registers, top of stack, instructions near pc), id 0xc0000005]

Register to memory mapping:

RAX=0x0000000180003ae0 is an unknown value
RBX={method} {0x000000001f4bff68} 'malloc' '(J)J' in 'com/sun/jna/Memory'
RCX=0x00000000201d41f8 is an unknown value
RDX=0x0000000021a6ecb0 is pointing into the stack for thread: 0x00000000201d4000
RSP=0x0000000021a6ec28 is pointing into the stack for thread: 0x00000000201d4000
RBP=0x0000000021a6eca0 is pointing into the stack for thread: 0x00000000201d4000
RSI=0x0000000060200021 is an unknown value
RDI=0x000000000000017f is an unknown value
R8 =0x0000000000000004 is an unknown value
R9 =0x0000000000000000 is an unknown value
R10=0x0000000004500fe0 is at code_begin+1632 in an Interpreter codelet
method entry point (kind = native)  [0x0000000004500980, 0x00000000045019a0]  4128 bytes
R11=0x000000006787b820 is an unknown value
R12=0x0000000000000000 is an unknown value
R13={method} {0x000000001f4bff68} 'malloc' '(J)J' in 'com/sun/jna/Memory'
R14=0x0000000021a6ecc8 is pointing into the stack for thread: 0x00000000201d4000
R15=0x00000000201d4000 is a thread


Stack: [0x0000000021970000,0x0000000021a70000],  sp=0x0000000021a6ec28,  free space=1019k
Native frames: (J=compiled Java code, j=interpreted, Vv=VM code, C=native code)
C  0x0000000180003ae0

Java frames: (J=compiled Java code, j=interpreted, Vv=VM code)
j  com.sun.jna.Memory.malloc(J)J+0
j  com.sun.jna.Memory.<init>(J)V+27
j  com.sun.jna.ptr.ByReference.<init>(I)V+11
j  com.sun.jna.ptr.IntByReference.<init>(I)V+2
j  com.sun.jna.ptr.IntByReference.<init>()V+2
j  edu.cmu.ri.createlab.usb.hid.windows.WindowsHIDDevice.write([B)Ledu/cmu/ri/createlab/usb/hid/HIDWriteStatus;+181
j  edu.cmu.ri.createlab.usb.hid.CreateLabHIDCommandStrategy.execute(Ledu/cmu/ri/createlab/usb/hid/HIDDevice;)Ledu/cmu/ri/createlab/usb/hid/HIDCommandResponse;+15
j  edu.cmu.ri.createlab.usb.hid.CreateLabHIDCommandStrategy.execute(Ljava/lang/Object;)Ledu/cmu/ri/createlab/util/commandexecution/CommandResponse;+5
j  edu.cmu.ri.createlab.usb.hid.HIDCommand.call()Ledu/cmu/ri/createlab/usb/hid/HIDCommandResponse;+8
j  edu.cmu.ri.createlab.usb.hid.HIDCommand.call()Ljava/lang/Object;+1
j  java.util.concurrent.FutureTask.run()V+42
j  java.util.concurrent.ThreadPoolExecutor.runWorker(Ljava/util/concurrent/ThreadPoolExecutor$Worker;)V+95
j  java.util.concurrent.ThreadPoolExecutor$Worker.run()V+5
j  java.lang.Thread.run()V+11
v  ~StubRoutines::call_stub

---------------  P R O C E S S  ---------------

Java Threads: ( => current thread )
  0x00000000201d2800 JavaThread "Thread-0" daemon [_thread_in_native, id=11944, stack(0x0000000022b40000,0x0000000022c40000)]
=>0x00000000201d4000 JavaThread "HIDCommandExecutionQueue.executor pool-5-thread-1" daemon [_thread_in_native, id=10516, stack(0x0000000021970000,0x0000000021a70000)]
  0x00000000201d9800 JavaThread "FinchController.peerPingScheduler pool-6-thread-1" daemon [_thread_blocked, id=11476, stack(0x0000000021870000,0x0000000021970000)]
  0x00000000201d8800 JavaThread "BaseCreateLabDeviceConnectivityManager.executorService pool-1-thread-1" daemon [_thread_blocked, id=12788, stack(0x0000000021770000,0x0000000021870000)]
  0x00000000201d5800 JavaThread "pool-1-thread-1" [_thread_blocked, id=4748, stack(0x0000000021670000,0x0000000021770000)]
  0x00000000201bb800 JavaThread "DatasetPlotter.executorService pool-4-thread-1" daemon [_thread_blocked, id=9284, stack(0x0000000021570000,0x0000000021670000)]
  0x00000000201a0800 JavaThread "DatasetPlotter.executorService pool-3-thread-1" daemon [_thread_blocked, id=1560, stack(0x0000000021470000,0x0000000021570000)]
  0x0000000020158800 JavaThread "DatasetPlotter.executorService pool-2-thread-1" daemon [_thread_blocked, id=4240, stack(0x0000000021370000,0x0000000021470000)]
  0x000000001fc40000 JavaThread "TimerQueue" daemon [_thread_blocked, id=11336, stack(0x0000000021170000,0x0000000021270000)]
  0x000000000276e800 JavaThread "DestroyJavaVM" [_thread_blocked, id=1460, stack(0x0000000002ac0000,0x0000000002bc0000)]
  0x000000001b597000 JavaThread "AWT-EventQueue-0" [_thread_blocked, id=5728, stack(0x000000001c0a0000,0x000000001c1a0000)]
  0x000000001b5a3000 JavaThread "AWT-Shutdown" [_thread_blocked, id=5400, stack(0x000000001bcf0000,0x000000001bdf0000)]
  0x000000001b5a2000 JavaThread "Java2D Disposer" daemon [_thread_blocked, id=3792, stack(0x000000001bbf0000,0x000000001bcf0000)]
  0x000000001b267000 JavaThread "Service Thread" daemon [_thread_blocked, id=7148, stack(0x000000001b610000,0x000000001b710000)]
  0x00000000190dc000 JavaThread "C1 CompilerThread2" daemon [_thread_blocked, id=9180, stack(0x000000001b110000,0x000000001b210000)]
  0x00000000190db800 JavaThread "C2 CompilerThread1" daemon [_thread_blocked, id=6556, stack(0x000000001b010000,0x000000001b110000)]
  0x00000000190d6800 JavaThread "C2 CompilerThread0" daemon [_thread_blocked, id=5048, stack(0x000000001af10000,0x000000001b010000)]
  0x00000000190c9800 JavaThread "JDWP Command Reader" daemon [_thread_in_native, id=9244, stack(0x000000001ae10000,0x000000001af10000)]
  0x00000000190c7000 JavaThread "JDWP Event Helper Thread" daemon [_thread_blocked, id=11448, stack(0x000000001ad10000,0x000000001ae10000)]
  0x00000000190b5000 JavaThread "JDWP Transport Listener: dt_socket" daemon [_thread_blocked, id=700, stack(0x000000001ac10000,0x000000001ad10000)]
  0x00000000190ac800 JavaThread "Attach Listener" daemon [_thread_blocked, id=10788, stack(0x000000001a600000,0x000000001a700000)]
  0x00000000190ab000 JavaThread "Signal Dispatcher" daemon [_thread_blocked, id=8608, stack(0x000000001a500000,0x000000001a600000)]
  0x000000001909a800 JavaThread "Finalizer" daemon [_thread_blocked, id=10408, stack(0x000000001a310000,0x000000001a410000)]
  0x0000000019079000 JavaThread "Reference Handler" daemon [_thread_blocked, id=13236, stack(0x000000001a210000,0x000000001a310000)]

Other Threads:
  0x0000000019077000 VMThread [stack: 0x000000001a110000,0x000000001a210000] [id=3724]
  0x000000001b282800 WatcherThread [stack: 0x000000001b710000,0x000000001b810000] [id=3768]

VM state:not at safepoint (normal execution)

VM Mutex/Monitor currently owned by a thread: None

Heap:
 PSYoungGen      total 38400K, used 23971K [0x00000000d5800000, 0x00000000d8280000, 0x0000000100000000)
  eden space 33280K, 72% used [0x00000000d5800000,0x00000000d6f68fd0,0x00000000d7880000)
  from space 5120K, 0% used [0x00000000d7d80000,0x00000000d7d80000,0x00000000d8280000)
  to   space 5120K, 0% used [0x00000000d7880000,0x00000000d7880000,0x00000000d7d80000)
 ParOldGen       total 87552K, used 0K [0x0000000080800000, 0x0000000085d80000, 0x00000000d5800000)
  object space 87552K, 0% used [0x0000000080800000,0x0000000080800000,0x0000000085d80000)
 Metaspace       used 15325K, capacity 15574K, committed 15872K, reserved 1062912K
  class space    used 1945K, capacity 2029K, committed 2048K, reserved 1048576K

Card table byte_map: [0x00000000138a0000,0x0000000013ca0000] byte_map_base: 0x000000001349c000

Marking Bits: (ParMarkBitMap*) 0x0000000067e6b6d0
 Begin Bits: [0x0000000014350000, 0x0000000016330000)
 End Bits:   [0x0000000016330000, 0x0000000018310000)

Polling page: 0x0000000002770000

CodeCache: size=245760Kb used=4712Kb max_used=4716Kb free=241047Kb
 bounds [0x00000000044e0000, 0x0000000004980000, 0x00000000134e0000]
 total_blobs=1818 nmethods=1289 adapters=449
 compilation: enabled

Compilation events (10 events):
Event: 50.214 Thread 0x00000000190d6800 1315       4       java.security.AccessControlContext::optimize (318 bytes)
Event: 50.215 Thread 0x00000000190dc000 1316       3       sun.java2d.pipe.BufferedContext::setSurfaces (49 bytes)
Event: 50.215 Thread 0x00000000190dc000 nmethod 1316 0x0000000004976850 code [0x0000000004976a40, 0x0000000004977808]
Event: 50.215 Thread 0x00000000190dc000 1317       3       sun.java2d.pipe.RenderBuffer::putFloat (26 bytes)
Event: 50.215 Thread 0x00000000190dc000 nmethod 1317 0x0000000004977e90 code [0x0000000004977fe0, 0x0000000004978150]
Event: 50.217 Thread 0x00000000190dc000 1318       3       sun.java2d.SunGraphics2D::getCompClip (19 bytes)
Event: 50.217 Thread 0x00000000190dc000 nmethod 1318 0x0000000004978210 code [0x0000000004978380, 0x0000000004978608]
Event: 50.232 Thread 0x00000000190d6800 nmethod 1315 0x000000000497c590 code [0x000000000497c720, 0x000000000497d9b8]
Event: 50.543 Thread 0x00000000190dc000 1319       3       sun.java2d.SunGraphics2D::setRenderingHint (555 bytes)
Event: 50.545 Thread 0x00000000190dc000 nmethod 1319 0x0000000004979550 code [0x00000000049798a0, 0x000000000497ba48]

GC Heap History (0 events):
No events

Deoptimization events (10 events):
Event: 3.052 Thread 0x000000001b597000 Uncommon trap: reason=class_check action=maybe_recompile pc=0x000000000465b8d4 method=java.lang.String.equals(Ljava/lang/Object;)Z @ 8
Event: 25.778 Thread 0x000000001b597000 Uncommon trap: reason=unstable_if action=reinterpret pc=0x000000000473aac8 method=java.awt.Component.inside(II)Z @ 21
Event: 28.975 Thread 0x000000001b597000 Uncommon trap: reason=bimorphic action=maybe_recompile pc=0x00000000047d83e0 method=java.util.HashMap.getNode(ILjava/lang/Object;)Ljava/util/HashMap$Node; @ 126
Event: 28.975 Thread 0x000000001b597000 Uncommon trap: reason=bimorphic action=maybe_recompile pc=0x00000000047d83e0 method=java.util.HashMap.getNode(ILjava/lang/Object;)Ljava/util/HashMap$Node; @ 126
Event: 28.975 Thread 0x000000001b597000 Uncommon trap: reason=bimorphic action=maybe_recompile pc=0x00000000047d83e0 method=java.util.HashMap.getNode(ILjava/lang/Object;)Ljava/util/HashMap$Node; @ 126
Event: 28.975 Thread 0x000000001b597000 Uncommon trap: reason=bimorphic action=maybe_recompile pc=0x00000000047d83e0 method=java.util.HashMap.getNode(ILjava/lang/Object;)Ljava/util/HashMap$Node; @ 126
Event: 29.183 Thread 0x00000000201d8800 Uncommon trap: reason=unstable_if action=reinterpret pc=0x000000000480cdd8 method=java.util.HashMap.getNode(ILjava/lang/Object;)Ljava/util/HashMap$Node; @ 62
Event: 29.183 Thread 0x00000000201d8800 Uncommon trap: reason=unstable_if action=reinterpret pc=0x00000000047fcbe4 method=java.util.HashMap.getNode(ILjava/lang/Object;)Ljava/util/HashMap$Node; @ 62
Event: 43.695 Thread 0x000000001b597000 Uncommon trap: reason=unstable_if action=reinterpret pc=0x000000000481fbec method=java.lang.String.<init>([CII)V @ 18
Event: 43.699 Thread 0x000000001b597000 Uncommon trap: reason=unstable_if action=reinterpret pc=0x0000000004867120 method=sun.misc.MetaIndex.mayContain(Ljava/lang/String;)Z @ 38

Internal exceptions (10 events):
Event: 28.992 Thread 0x000000001b597000 Exception <a 'java/lang/ArrayIndexOutOfBoundsException': 18> (0x00000000d6226fc0) thrown at [C:\re\workspace\8-2-build-windows-amd64-cygwin\jdk8u121\8372\hotspot\src\share\vm\interpreter\interpreterRuntime.cpp, line 366]
Event: 28.993 Thread 0x000000001b597000 Exception <a 'java/lang/ArrayIndexOutOfBoundsException': 22> (0x00000000d622a508) thrown at [C:\re\workspace\8-2-build-windows-amd64-cygwin\jdk8u121\8372\hotspot\src\share\vm\interpreter\interpreterRuntime.cpp, line 366]
Event: 28.994 Thread 0x000000001b597000 Exception <a 'java/lang/ArrayIndexOutOfBoundsException': 160> (0x00000000d622cac8) thrown at [C:\re\workspace\8-2-build-windows-amd64-cygwin\jdk8u121\8372\hotspot\src\share\vm\interpreter\interpreterRuntime.cpp, line 366]
Event: 28.996 Thread 0x000000001b597000 Exception <a 'java/lang/ClassNotFoundException': org/apache/log4j/AppenderSkeletonCustomizer> (0x00000000d6233f80) thrown at [C:\re\workspace\8-2-build-windows-amd64-cygwin\jdk8u121\8372\hotspot\src\share\vm\classfile\systemDictionary.cpp, line 210]
Event: 28.999 Thread 0x000000001b597000 Exception <a 'java/lang/ClassNotFoundException': org/apache/log4j/WriterAppenderCustomizer> (0x00000000d6257a90) thrown at [C:\re\workspace\8-2-build-windows-amd64-cygwin\jdk8u121\8372\hotspot\src\share\vm\classfile\systemDictionary.cpp, line 210]
Event: 29.000 Thread 0x000000001b597000 Exception <a 'java/lang/ClassNotFoundException': org/apache/log4j/FileAppenderCustomizer> (0x00000000d6269918) thrown at [C:\re\workspace\8-2-build-windows-amd64-cygwin\jdk8u121\8372\hotspot\src\share\vm\classfile\systemDictionary.cpp, line 210]
Event: 29.009 Thread 0x000000001b597000 Exception <a 'java/lang/ClassNotFoundException': org/apache/log4j/PatternLayoutBeanInfo> (0x00000000d62c33a0) thrown at [C:\re\workspace\8-2-build-windows-amd64-cygwin\jdk8u121\8372\hotspot\src\share\vm\classfile\systemDictionary.cpp, line 210]
Event: 29.009 Thread 0x000000001b597000 Exception <a 'java/lang/ClassNotFoundException': org/apache/log4j/LayoutBeanInfo> (0x00000000d62c7ae8) thrown at [C:\re\workspace\8-2-build-windows-amd64-cygwin\jdk8u121\8372\hotspot\src\share\vm\classfile\systemDictionary.cpp, line 210]
Event: 29.010 Thread 0x000000001b597000 Exception <a 'java/lang/ClassNotFoundException': org/apache/log4j/LayoutCustomizer> (0x00000000d62cc4d0) thrown at [C:\re\workspace\8-2-build-windows-amd64-cygwin\jdk8u121\8372\hotspot\src\share\vm\classfile\systemDictionary.cpp, line 210]
Event: 29.011 Thread 0x000000001b597000 Exception <a 'java/lang/ClassNotFoundException': org/apache/log4j/PatternLayoutCustomizer> (0x00000000d62d5f00) thrown at [C:\re\workspace\8-2-build-windows-amd64-cygwin\jdk8u121\8372\hotspot\src\share\vm\classfile\systemDictionary.cpp, line 210]

Events (10 events):
Event: 50.211 loading class java/awt/Window$1DisposeAction done
Event: 51.194 Thread 0x00000000201d2800 Thread added: 0x00000000201d2800
Event: 51.194 Thread 0x00000000201d5000 Thread added: 0x00000000201d5000
Event: 51.194 Thread 0x00000000201d3800 Thread added: 0x00000000201d3800
Event: 51.194 Thread 0x00000000201d3800 Thread exited: 0x00000000201d3800
Event: 51.194 Thread 0x000000001fbbc800 Thread exited: 0x000000001fbbc800
Event: 51.195 loading class sun/java2d/pipe/hw/AccelDeviceEventNotifier
Event: 51.195 loading class sun/java2d/pipe/hw/AccelDeviceEventNotifier done
Event: 51.196 Thread 0x00000000201d5000 Thread exited: 0x00000000201d5000
Event: 51.219 Thread 0x000000001b5a4800 Thread exited: 0x000000001b5a4800


Dynamic libraries:
0x00007ff74b2b0000 - 0x00007ff74b2e7000 	C:\Program Files\Java\jre1.8.0_121\bin\javaw.exe
0x00007ffb0b500000 - 0x00007ffb0b6e0000 	C:\WINDOWS\SYSTEM32\ntdll.dll
0x00007ffb089d0000 - 0x00007ffb08a7e000 	C:\WINDOWS\System32\KERNEL32.DLL
0x00007ffb07900000 - 0x00007ffb07b66000 	C:\WINDOWS\System32\KERNELBASE.dll
0x00007ffb0afd0000 - 0x00007ffb0b071000 	C:\WINDOWS\System32\ADVAPI32.dll
0x00007ffb0a660000 - 0x00007ffb0a6fd000 	C:\WINDOWS\System32\msvcrt.dll
0x00007ffb0a600000 - 0x00007ffb0a65b000 	C:\WINDOWS\System32\sechost.dll
0x00007ffb0a1c0000 - 0x00007ffb0a2df000 	C:\WINDOWS\System32\RPCRT4.dll
0x00007ffb0ae40000 - 0x00007ffb0afcf000 	C:\WINDOWS\System32\USER32.dll
0x00007ffb089b0000 - 0x00007ffb089d0000 	C:\WINDOWS\System32\win32u.dll
0x00007ffb0a0b0000 - 0x00007ffb0a0d8000 	C:\WINDOWS\System32\GDI32.dll
0x00007ffb07ea0000 - 0x00007ffb08033000 	C:\WINDOWS\System32\gdi32full.dll
0x00007ffb080c0000 - 0x00007ffb0815b000 	C:\WINDOWS\System32\msvcp_win.dll
0x00007ffb088b0000 - 0x00007ffb089a6000 	C:\WINDOWS\System32\ucrtbase.dll
0x00007ffafaec0000 - 0x00007ffafb129000 	C:\WINDOWS\WinSxS\amd64_microsoft.windows.common-controls_6595b64144ccf1df_6.0.16299.125_none_15cbcf8893620c09\COMCTL32.dll
0x00007ffb0a8f0000 - 0x00007ffb0abf8000 	C:\WINDOWS\System32\combase.dll
0x00007ffb08040000 - 0x00007ffb080b2000 	C:\WINDOWS\System32\bcryptPrimitives.dll
0x00007ffb0a8c0000 - 0x00007ffb0a8ed000 	C:\WINDOWS\System32\IMM32.DLL
0x00000000673a0000 - 0x0000000067472000 	C:\Program Files\Java\jre1.8.0_121\bin\msvcr100.dll
0x0000000067650000 - 0x0000000067eeb000 	C:\Program Files\Java\jre1.8.0_121\bin\server\jvm.dll
0x00007ffb0a8b0000 - 0x00007ffb0a8b8000 	C:\WINDOWS\System32\PSAPI.DLL
0x00007ffb036b0000 - 0x00007ffb036b9000 	C:\WINDOWS\SYSTEM32\WSOCK32.dll
0x00007ffb05bb0000 - 0x00007ffb05bd3000 	C:\WINDOWS\SYSTEM32\WINMM.dll
0x00007ffb0ac00000 - 0x00007ffb0ac6c000 	C:\WINDOWS\System32\WS2_32.dll
0x00007ffb02600000 - 0x00007ffb0260a000 	C:\WINDOWS\SYSTEM32\VERSION.dll
0x00007ffb057f0000 - 0x00007ffb0581a000 	C:\WINDOWS\SYSTEM32\WINMMBASE.dll
0x00007ffb07b70000 - 0x00007ffb07bba000 	C:\WINDOWS\System32\cfgmgr32.dll
0x0000000067560000 - 0x000000006756f000 	C:\Program Files\Java\jre1.8.0_121\bin\verify.dll
0x0000000067530000 - 0x0000000067559000 	C:\Program Files\Java\jre1.8.0_121\bin\java.dll
0x0000000067360000 - 0x0000000067395000 	C:\Program Files\Java\jre1.8.0_121\bin\jdwp.dll
0x0000000067350000 - 0x0000000067358000 	C:\Program Files\Java\jre1.8.0_121\bin\npt.dll
0x0000000067510000 - 0x0000000067526000 	C:\Program Files\Java\jre1.8.0_121\bin\zip.dll
0x00007ffb08c70000 - 0x00007ffb0a0a6000 	C:\WINDOWS\System32\SHELL32.dll
0x00007ffb0a550000 - 0x00007ffb0a5f6000 	C:\WINDOWS\System32\shcore.dll
0x00007ffb08160000 - 0x00007ffb088a7000 	C:\WINDOWS\System32\windows.storage.dll
0x00007ffb0ade0000 - 0x00007ffb0ae31000 	C:\WINDOWS\System32\shlwapi.dll
0x00007ffb07850000 - 0x00007ffb07861000 	C:\WINDOWS\System32\kernel.appcore.dll
0x00007ffb078b0000 - 0x00007ffb078fc000 	C:\WINDOWS\System32\powrprof.dll
0x00007ffb07890000 - 0x00007ffb078ab000 	C:\WINDOWS\System32\profapi.dll
0x0000000067340000 - 0x0000000067349000 	C:\Program Files\Java\jre1.8.0_121\bin\dt_socket.dll
0x00007ffb01450000 - 0x00007ffb01466000 	C:\WINDOWS\system32\napinsp.dll
0x00007ffaf9be0000 - 0x00007ffaf9bfa000 	C:\WINDOWS\system32\pnrpnsp.dll
0x00007ffb04b80000 - 0x00007ffb04b98000 	C:\WINDOWS\system32\NLAapi.dll
0x00007ffb070e0000 - 0x00007ffb07146000 	C:\WINDOWS\System32\mswsock.dll
0x00007ffb06eb0000 - 0x00007ffb06f66000 	C:\WINDOWS\SYSTEM32\DNSAPI.dll
0x00007ffb0a1b0000 - 0x00007ffb0a1b8000 	C:\WINDOWS\System32\NSI.dll
0x00007ffb06e70000 - 0x00007ffb06ea9000 	C:\WINDOWS\SYSTEM32\IPHLPAPI.DLL
0x00007ffb03640000 - 0x00007ffb0364e000 	C:\WINDOWS\System32\winrnr.dll
0x000000006c1f0000 - 0x000000006c225000 	C:\Program Files\Bonjour\mdnsNSP.dll
0x00007ffb02ff0000 - 0x00007ffb03060000 	C:\WINDOWS\System32\fwpuclnt.dll
0x00007ffb073b0000 - 0x00007ffb073d5000 	C:\WINDOWS\SYSTEM32\bcrypt.dll
0x00007ffb02630000 - 0x00007ffb0263a000 	C:\Windows\System32\rasadhlp.dll
0x00000000671a0000 - 0x0000000067338000 	C:\Program Files\Java\jre1.8.0_121\bin\awt.dll
0x00007ffb0a0e0000 - 0x00007ffb0a1a5000 	C:\WINDOWS\System32\OLEAUT32.dll
0x00007ffb05d10000 - 0x00007ffb05d98000 	C:\WINDOWS\SYSTEM32\apphelp.dll
0x00007ffb05df0000 - 0x00007ffb05e85000 	C:\WINDOWS\system32\uxtheme.dll
0x00007ffb0ac70000 - 0x00007ffb0add7000 	C:\WINDOWS\System32\MSCTF.dll
0x00007ffb06100000 - 0x00007ffb0612a000 	C:\WINDOWS\system32\dwmapi.dll
0x00007ffb08b20000 - 0x00007ffb08c69000 	C:\WINDOWS\System32\ole32.dll
0x00007ffaea510000 - 0x00007ffaea62e000 	C:\WINDOWS\system32\opengl32.dll
0x00007ffaf6a00000 - 0x00007ffaf6a2c000 	C:\WINDOWS\SYSTEM32\GLU32.dll
0x0000000067150000 - 0x0000000067197000 	C:\Program Files\Java\jre1.8.0_121\bin\fontmanager.dll
0x00007ffb0a700000 - 0x00007ffb0a79e000 	C:\WINDOWS\System32\clbcatq.dll
0x00007ffb03760000 - 0x00007ffb0390b000 	C:\WINDOWS\SYSTEM32\WindowsCodecs.dll
0x00007ffafb6b0000 - 0x00007ffafb748000 	C:\WINDOWS\System32\TextInputFramework.dll
0x00007ffb03240000 - 0x00007ffb0352e000 	C:\WINDOWS\System32\CoreUIComponents.dll
0x00007ffb05450000 - 0x00007ffb0552d000 	C:\WINDOWS\System32\CoreMessaging.dll
0x00007ffb06990000 - 0x00007ffb069c1000 	C:\WINDOWS\SYSTEM32\ntmarta.dll
0x00007ffb03aa0000 - 0x00007ffb03bd6000 	C:\WINDOWS\SYSTEM32\wintypes.dll
0x00000000674f0000 - 0x000000006750a000 	C:\Program Files\Java\jre1.8.0_121\bin\net.dll
0x00000000674d0000 - 0x00000000674e1000 	C:\Program Files\Java\jre1.8.0_121\bin\nio.dll
0x0000000067100000 - 0x0000000067142000 	C:\Program Files\Java\jre1.8.0_121\bin\t2k.dll
0x00007ffb072a0000 - 0x00007ffb072b7000 	C:\WINDOWS\SYSTEM32\CRYPTSP.dll
0x00007ffb06cf0000 - 0x00007ffb06d23000 	C:\WINDOWS\system32\rsaenh.dll
0x00007ffb07750000 - 0x00007ffb07779000 	C:\WINDOWS\SYSTEM32\USERENV.dll
0x00007ffb072c0000 - 0x00007ffb072cb000 	C:\WINDOWS\SYSTEM32\CRYPTBASE.dll
0x00007ffb031c0000 - 0x00007ffb031d6000 	C:\WINDOWS\SYSTEM32\dhcpcsvc6.DLL
0x00007ffb031a0000 - 0x00007ffb031ba000 	C:\WINDOWS\SYSTEM32\dhcpcsvc.DLL
0x00007ffb06630000 - 0x00007ffb0663c000 	C:\WINDOWS\SYSTEM32\hid.dll
0x00007ffb0b080000 - 0x00007ffb0b4ce000 	C:\WINDOWS\System32\setupapi.dll
0x00007ffb07660000 - 0x00007ffb07687000 	C:\WINDOWS\System32\DEVOBJ.dll
0x00007ffb07e40000 - 0x00007ffb07e98000 	C:\WINDOWS\System32\WINTRUST.dll
0x00007ffb07870000 - 0x00007ffb07882000 	C:\WINDOWS\System32\MSASN1.dll
0x00007ffb07c70000 - 0x00007ffb07e3e000 	C:\WINDOWS\System32\CRYPT32.dll
0x00007ffafd970000 - 0x00007ffafdb38000 	C:\WINDOWS\SYSTEM32\dbghelp.dll

VM Arguments:
jvm_args: -agentlib:jdwp=transport=dt_socket,suspend=y,address=localhost:61064 -Dfile.encoding=Cp1252 
java_command: InOGUI
java_class_path (initial): C:\Program Files\Java\jre1.8.0_121\lib\resources.jar;C:\Program Files\Java\jre1.8.0_121\lib\rt.jar;C:\Program Files\Java\jre1.8.0_121\lib\jsse.jar;C:\Program Files\Java\jre1.8.0_121\lib\jce.jar;C:\Program Files\Java\jre1.8.0_121\lib\charsets.jar;C:\Program Files\Java\jre1.8.0_121\lib\jfr.jar;C:\Program Files\Java\jre1.8.0_121\lib\ext\access-bridge-64.jar;C:\Program Files\Java\jre1.8.0_121\lib\ext\cldrdata.jar;C:\Program Files\Java\jre1.8.0_121\lib\ext\dnsns.jar;C:\Program Files\Java\jre1.8.0_121\lib\ext\jaccess.jar;C:\Program Files\Java\jre1.8.0_121\lib\ext\jfxrt.jar;C:\Program Files\Java\jre1.8.0_121\lib\ext\localedata.jar;C:\Program Files\Java\jre1.8.0_121\lib\ext\nashorn.jar;C:\Program Files\Java\jre1.8.0_121\lib\ext\sunec.jar;C:\Program Files\Java\jre1.8.0_121\lib\ext\sunjce_provider.jar;C:\Program Files\Java\jre1.8.0_121\lib\ext\sunmscapi.jar;C:\Program Files\Java\jre1.8.0_121\lib\ext\sunpkcs11.jar;C:\Program Files\Java\jre1.8.0_121\lib\ext\zipfs.jar;C:\Users\Shamoun\git\Task 4\Task4_Finch\bin;E:\Brunel Work\CS 1701 Group project\Finch zig zag\FinchEclipse\lib\finch.jar
Launcher Type: SUN_STANDARD

Environment Variables:
PATH=C:/Program Files/Java/jre1.8.0_121/bin/server;C:/Program Files/Java/jre1.8.0_121/bin;C:/Program Files/Java/jre1.8.0_121/lib/amd64;C:\Program Files (x86)\NVIDIA Corporation\PhysX\Common;C:\ProgramData\Oracle\Java\javapath;C:\WINDOWS\system32;C:\WINDOWS;C:\WINDOWS\System32\Wbem;C:\WINDOWS\System32\WindowsPowerShell\v1.0\;C:\Users\Shamoun\AppData\Local\Microsoft\WindowsApps;;C:\WINDOWS\System32;
USERNAME=Shamoun
OS=Windows_NT
PROCESSOR_IDENTIFIER=Intel64 Family 6 Model 42 Stepping 7, GenuineIntel



---------------  S Y S T E M  ---------------

OS: Windows 10.0 , 64 bit Build 16299 (10.0.16299.15)

CPU:total 4 (4 cores per cpu, 1 threads per core) family 6 model 42 stepping 7, cmov, cx8, fxsr, mmx, sse, sse2, sse3, ssse3, sse4.1, sse4.2, popcnt, avx, aes, clmul, tsc, tscinvbit

Memory: 4k page, physical 8350692k(4817112k free), swap 15166436k(8222956k free)

vm_info: Java HotSpot(TM) 64-Bit Server VM (25.121-b13) for windows-amd64 JRE (1.8.0_121-b13), built on Dec 12 2016 18:21:36 by "java_re" with MS VC++ 10.0 (VS2010)

time: Tue Mar 06 15:54:38 2018
elapsed time: 51 seconds (0d 0h 0m 51s)

